app/build/intermediates/manifest_merge_blame_file/debug/manifest-merger-blame-debug-report.txt
1<?xml version="1.0" encoding="utf-8"?>
2<manifest xmlns:android="http://schemas.android.com/apk/res/android"
3    package="com.example.applog"
4    android:versionCode="1"
5    android:versionName="1.0" >
6
7    <uses-sdk
8        android:minSdkVersion="16"
8-->src\main\AndroidManifest.xml
9        android:targetSdkVersion="29" />
9-->src\main\AndroidManifest.xml
10
11    <uses-permission android:name="android.permission.INTERNET" />
11-->src\main\AndroidManifest.xml:5:5-67
11-->src\main\AndroidManifest.xml:5:22-64
12    <uses-permission android:name="android.permission.ACCESS_NETWORK_STATE" />
12-->src\main\AndroidManifest.xml:6:5-79
12-->src\main\AndroidManifest.xml:6:22-76
13
14    <uses-permission-sdk-23 android:name="android.permission.INTERNET" />
14-->src\main\AndroidManifest.xml:8:5-74
14-->src\main\AndroidManifest.xml:8:29-71
15    <uses-permission-sdk-23 android:name="android.permission.ACCESS_NETWORK_STATE" />
15-->src\main\AndroidManifest.xml:9:5-86
15-->src\main\AndroidManifest.xml:9:29-83
16
17    <application
17-->src\main\AndroidManifest.xml:11:5-37:19
18        android:allowBackup="true"
18-->src\main\AndroidManifest.xml:12:9-35
19        android:appComponentFactory="androidx.core.app.CoreComponentFactory"
19-->[androidx.core:core:1.1.0] AndroidManifest.xml:24:18-86
20        android:debuggable="true"
21        android:icon="@mipmap/ic_launcher"
21-->src\main\AndroidManifest.xml:13:9-43
22        android:label="@string/app_name"
22-->src\main\AndroidManifest.xml:14:9-41
23        android:roundIcon="@mipmap/ic_launcher_round"
23-->src\main\AndroidManifest.xml:15:9-54
24        android:supportsRtl="true"
24-->src\main\AndroidManifest.xml:16:9-35
25        android:testOnly="true"
26        android:theme="@style/AppTheme" >
26-->src\main\AndroidManifest.xml:17:9-40
27        <activity android:name="com.example.applog.Activity.DataPerlakuan" />
27-->src\main\AndroidManifest.xml:18:9-69
27-->src\main\AndroidManifest.xml:18:19-57
28        <activity android:name="com.example.applog.Activity.DataPanen" />
28-->src\main\AndroidManifest.xml:19:9-56
28-->src\main\AndroidManifest.xml:19:19-53
29        <activity android:name="com.example.applog.Activity.DataSampling" />
29-->src\main\AndroidManifest.xml:20:9-59
29-->src\main\AndroidManifest.xml:20:19-56
30        <activity android:name="com.example.applog.Activity.DataPakan" />
30-->src\main\AndroidManifest.xml:21:9-56
30-->src\main\AndroidManifest.xml:21:19-53
31        <activity android:name="com.example.applog.Activity.DataAir" />
31-->src\main\AndroidManifest.xml:22:9-54
31-->src\main\AndroidManifest.xml:22:19-51
32        <activity android:name="com.example.applog.Fragment.DetailAir" />
32-->src\main\AndroidManifest.xml:23:9-56
32-->src\main\AndroidManifest.xml:23:19-53
33        <activity android:name="com.example.applog.Fragment.InputDataAir" />
33-->src\main\AndroidManifest.xml:24:9-59
33-->src\main\AndroidManifest.xml:24:19-56
34        <activity android:name="com.example.applog.Activity.MenuInput" />
34-->src\main\AndroidManifest.xml:25:9-56
34-->src\main\AndroidManifest.xml:25:19-53
35        <activity android:name="com.example.applog.Activity.Input_Data_Kolam" />
35-->src\main\AndroidManifest.xml:26:9-63
35-->src\main\AndroidManifest.xml:26:19-60
36        <activity android:name="com.example.applog.Activity.Dashboard" />
36-->src\main\AndroidManifest.xml:27:9-56
36-->src\main\AndroidManifest.xml:27:19-53
37        <activity android:name="com.example.applog.Activity.Register" />
37-->src\main\AndroidManifest.xml:28:9-55
37-->src\main\AndroidManifest.xml:28:19-52
38        <activity android:name="com.example.applog.MainActivity" />
38-->src\main\AndroidManifest.xml:29:9-50
38-->src\main\AndroidManifest.xml:29:19-47
39        <activity android:name="com.example.applog.Activity.Login" >
39-->src\main\AndroidManifest.xml:30:9-36:20
39-->src\main\AndroidManifest.xml:30:19-49
40            <intent-filter>
40-->src\main\AndroidManifest.xml:31:13-35:29
41                <action android:name="android.intent.action.MAIN" />
41-->src\main\AndroidManifest.xml:32:17-69
41-->src\main\AndroidManifest.xml:32:25-66
42
43                <category android:name="android.intent.category.LAUNCHER" />
43-->src\main\AndroidManifest.xml:34:17-77
43-->src\main\AndroidManifest.xml:34:27-74
44            </intent-filter>
45        </activity>
46        <activity
46-->[com.google.firebase:firebase-auth:19.3.1] AndroidManifest.xml:24:9-31:50
47            android:name="com.google.firebase.auth.internal.FederatedSignInActivity"
47-->[com.google.firebase:firebase-auth:19.3.1] AndroidManifest.xml:25:13-85
48            android:excludeFromRecents="true"
48-->[com.google.firebase:firebase-auth:19.3.1] AndroidManifest.xml:26:13-46
49            android:exported="true"
49-->[com.google.firebase:firebase-auth:19.3.1] AndroidManifest.xml:27:13-36
50            android:launchMode="singleTask"
50-->[com.google.firebase:firebase-auth:19.3.1] AndroidManifest.xml:28:13-44
51            android:permission="com.google.firebase.auth.api.gms.permission.LAUNCH_FEDERATED_SIGN_IN"
51-->[com.google.firebase:firebase-auth:19.3.1] AndroidManifest.xml:29:13-102
52            android:theme="@android:style/Theme.Translucent.NoTitleBar" />
52-->[com.google.firebase:firebase-auth:19.3.1] AndroidManifest.xml:30:13-72
53
54        <service
54-->[com.google.firebase:firebase-auth:19.3.1] AndroidManifest.xml:33:9-39:19
55            android:name="com.google.firebase.components.ComponentDiscoveryService"
55-->[com.google.firebase:firebase-auth:19.3.1] AndroidManifest.xml:34:13-84
56            android:directBootAware="true"
56-->[com.google.firebase:firebase-common:19.3.0] AndroidManifest.xml:34:13-43
57            android:exported="false" >
57-->[com.google.firebase:firebase-auth:19.3.1] AndroidManifest.xml:35:13-37
58            <meta-data
58-->[com.google.firebase:firebase-auth:19.3.1] AndroidManifest.xml:36:13-38:85
59                android:name="com.google.firebase.components:com.google.firebase.auth.FirebaseAuthRegistrar"
59-->[com.google.firebase:firebase-auth:19.3.1] AndroidManifest.xml:37:17-109
60                android:value="com.google.firebase.components.ComponentRegistrar" />
60-->[com.google.firebase:firebase-auth:19.3.1] AndroidManifest.xml:38:17-82
61            <meta-data
61-->[com.google.firebase:firebase-database:19.3.0] AndroidManifest.xml:32:13-34:85
62                android:name="com.google.firebase.components:com.google.firebase.database.DatabaseRegistrar"
62-->[com.google.firebase:firebase-database:19.3.0] AndroidManifest.xml:33:17-109
63                android:value="com.google.firebase.components.ComponentRegistrar" />
63-->[com.google.firebase:firebase-database:19.3.0] AndroidManifest.xml:34:17-82
64        </service>
65
66        <activity
66-->[com.google.android.gms:play-services-base:17.1.0] AndroidManifest.xml:23:9-26:75
67            android:name="com.google.android.gms.common.api.GoogleApiActivity"
67-->[com.google.android.gms:play-services-base:17.1.0] AndroidManifest.xml:24:13-79
68            android:exported="false"
68-->[com.google.android.gms:play-services-base:17.1.0] AndroidManifest.xml:25:13-37
69            android:theme="@android:style/Theme.Translucent.NoTitleBar" />
69-->[com.google.android.gms:play-services-base:17.1.0] AndroidManifest.xml:26:13-72
70
71        <provider
71-->[com.google.firebase:firebase-common:19.3.0] AndroidManifest.xml:26:9-30:39
72            android:name="com.google.firebase.provider.FirebaseInitProvider"
72-->[com.google.firebase:firebase-common:19.3.0] AndroidManifest.xml:27:13-77
73            android:authorities="com.example.applog.firebaseinitprovider"
73-->[com.google.firebase:firebase-common:19.3.0] AndroidManifest.xml:28:13-72
74            android:exported="false"
74-->[com.google.firebase:firebase-common:19.3.0] AndroidManifest.xml:29:13-37
75            android:initOrder="100" />
75-->[com.google.firebase:firebase-common:19.3.0] AndroidManifest.xml:30:13-36
76
77        <meta-data
77-->[com.google.android.gms:play-services-basement:17.0.0] AndroidManifest.xml:23:9-25:69
78            android:name="com.google.android.gms.version"
78-->[com.google.android.gms:play-services-basement:17.0.0] AndroidManifest.xml:24:13-58
79            android:value="@integer/google_play_services_version" />
79-->[com.google.android.gms:play-services-basement:17.0.0] AndroidManifest.xml:25:13-66
80
81        <provider
81-->[androidx.lifecycle:lifecycle-process:2.2.0] AndroidManifest.xml:25:9-29:43
82            android:name="androidx.lifecycle.ProcessLifecycleOwnerInitializer"
82-->[androidx.lifecycle:lifecycle-process:2.2.0] AndroidManifest.xml:26:13-79
83            android:authorities="com.example.applog.lifecycle-process"
83-->[androidx.lifecycle:lifecycle-process:2.2.0] AndroidManifest.xml:27:13-69
84            android:exported="false"
84-->[androidx.lifecycle:lifecycle-process:2.2.0] AndroidManifest.xml:28:13-37
85            android:multiprocess="true" />
85-->[androidx.lifecycle:lifecycle-process:2.2.0] AndroidManifest.xml:29:13-40
86    </application>
87
88</manifest>